{"numTotalTestSuites":5,"numPassedTestSuites":2,"numFailedTestSuites":3,"numPendingTestSuites":0,"numTotalTests":4,"numPassedTests":3,"numFailedTests":1,"numPendingTests":0,"numTodoTests":0,"snapshot":{"added":0,"failure":false,"filesAdded":0,"filesRemoved":0,"filesRemovedList":[],"filesUnmatched":0,"filesUpdated":0,"matched":0,"total":0,"unchecked":0,"uncheckedKeysByFile":[],"unmatched":0,"updated":0,"didUpdate":false},"startTime":1769911692416,"success":false,"testResults":[{"assertionResults":[],"startTime":1769911692416,"endTime":1769911692416,"status":"failed","message":"  \u001b[31m×\u001b[0m Expected '</', got 'jsx text (\r\n  \u001b[31m│\u001b[0m                             )'\n     ╭─[\u001b[36;1;4mC:/Users/sivab/OneDrive/Documents/HYPER/remix-of-remix-of-remix-of-nvidia-inspired-design-main/remix-of-remix-of-remix-of-nvidia-inspired-design-main/src/pages/GpuBypassDemo.tsx:205:1\u001b[0m]\n \u001b[2m202\u001b[0m │                                     <CardTitle className=\"flex items-center gap-2 text-blue-400\">\n \u001b[2m203\u001b[0m │                                         <Box className=\"w-5 h-5\" /> Voxel Search\n \u001b[2m204\u001b[0m │                                     </CardTitle>\n \u001b[2m205\u001b[0m │ \u001b[35;1m╭\u001b[0m\u001b[35;1m─\u001b[0m\u001b[35;1m▶\u001b[0m                                 <Badge className=\"bg-blue-500/20 text-blue-400 hover:bg-blue-500/30\">Octree CPU</Box>\n \u001b[2m206\u001b[0m │ \u001b[35;1m╰\u001b[0m\u001b[35;1m─\u001b[0m\u001b[35;1m▶\u001b[0m                             </div>\n \u001b[2m207\u001b[0m │                                 <CardDescription className=\"text-zinc-400\">Render point clouds via CPU traversal.</CardDescription>\n \u001b[2m208\u001b[0m │                             </CardHeader>\n \u001b[2m208\u001b[0m │                             <CardContent className=\"space-y-4\">\r\n     ╰────\n\n\nCaused by:\n    Syntax Error","name":"C:/Users/sivab/OneDrive/Documents/HYPER/remix-of-remix-of-remix-of-nvidia-inspired-design-main/remix-of-remix-of-remix-of-nvidia-inspired-design-main/src/App.test.tsx"},{"assertionResults":[{"ancestorTitles":["Probabilistic Module Tests"],"fullName":"Probabilistic Module Tests HyperLogLog unique counting","status":"passed","title":"HyperLogLog unique counting","duration":3.38340000000062,"failureMessages":[],"meta":{}},{"ancestorTitles":["Probabilistic Module Tests"],"fullName":"Probabilistic Module Tests Bloom Filter membership","status":"passed","title":"Bloom Filter membership","duration":1.2763000000004467,"failureMessages":[],"meta":{}}],"startTime":1769911696854,"endTime":1769911696858.2764,"status":"passed","message":"","name":"C:/Users/sivab/OneDrive/Documents/HYPER/remix-of-remix-of-remix-of-nvidia-inspired-design-main/remix-of-remix-of-remix-of-nvidia-inspired-design-main/tests/gpu_bypass/test_js_modules.test.js"},{"assertionResults":[{"ancestorTitles":["Authentication Flow - OTP Reset"],"fullName":"Authentication Flow - OTP Reset ForgotPassword calls sendResetOtp and navigates on success","status":"passed","title":"ForgotPassword calls sendResetOtp and navigates on success","duration":413.98049999999967,"failureMessages":[],"meta":{}},{"ancestorTitles":["Authentication Flow - OTP Reset"],"fullName":"Authentication Flow - OTP Reset VerifyOtp submits code when 6 digits entered","status":"failed","title":"VerifyOtp submits code when 6 digits entered","duration":23.435199999999895,"failureMessages":["TestingLibraryElementError: Found multiple elements with the text: /Verify Code/i\n\nHere are the matching elements:\n\nIgnored nodes: comments, script, style\n\u001b[36m<h2\u001b[39m\n  \u001b[33mclass\u001b[39m=\u001b[32m\"text-3xl font-display font-bold text-center mb-2\"\u001b[39m\n\u001b[36m>\u001b[39m\n  \u001b[0mVerify Code\u001b[0m\n\u001b[36m</h2>\u001b[39m\n\nIgnored nodes: comments, script, style\n\u001b[36m<button\u001b[39m\n  \u001b[33mclass\u001b[39m=\u001b[32m\"inline-flex items-center justify-center gap-2 whitespace-nowrap rounded-md text-sm font-medium ring-offset-background transition-colors focus-visible:outline-none focus-visible:ring-2 focus-visible:ring-ring focus-visible:ring-offset-2 disabled:pointer-events-none disabled:opacity-50 [&_svg]:pointer-events-none [&_svg]:size-4 [&_svg]:shrink-0 text-primary-foreground hover:bg-primary/90 h-10 px-4 py-2 w-full bg-gradient-primary shadow-glow\"\u001b[39m\n  \u001b[33mdisabled\u001b[39m=\u001b[32m\"\"\u001b[39m\n  \u001b[33mtype\u001b[39m=\u001b[32m\"submit\"\u001b[39m\n\u001b[36m>\u001b[39m\n  \u001b[0mVerify Code\u001b[0m\n\u001b[36m</button>\u001b[39m\n\n(If this is intentional, then use the `*AllBy*` variant of the query (like `queryAllByText`, `getAllByText`, or `findAllByText`)).\n\nIgnored nodes: comments, script, style\n\u001b[36m<body>\u001b[39m\n  \u001b[36m<div>\u001b[39m\n    \u001b[36m<div\u001b[39m\n      \u001b[33mclass\u001b[39m=\u001b[32m\"min-h-screen bg-background flex items-center justify-center p-4\"\u001b[39m\n    \u001b[36m>\u001b[39m\n      \u001b[36m<div\u001b[39m\n        \u001b[33mclass\u001b[39m=\u001b[32m\"absolute inset-0 bg-gradient-glow\"\u001b[39m\n      \u001b[36m/>\u001b[39m\n      \u001b[36m<div\u001b[39m\n        \u001b[33mclass\u001b[39m=\u001b[32m\"absolute inset-0 bg-[radial-gradient(circle_at_50%_50%,hsl(88_72%_50%/0.1),transparent_50%)]\"\u001b[39m\n      \u001b[36m/>\u001b[39m\n      \u001b[36m<div\u001b[39m\n        \u001b[33mclass\u001b[39m=\u001b[32m\"rounded-lg border text-card-foreground shadow-sm relative w-full max-w-md p-8 bg-card border-border shadow-card animate-fade-in\"\u001b[39m\n      \u001b[36m>\u001b[39m\n        \u001b[36m<a\u001b[39m\n          \u001b[33mclass\u001b[39m=\u001b[32m\"flex items-center justify-center space-x-2 mb-8 group\"\u001b[39m\n          \u001b[33mhref\u001b[39m=\u001b[32m\"/\"\u001b[39m\n        \u001b[36m>\u001b[39m\n          \u001b[36m<svg\u001b[39m\n            \u001b[33mclass\u001b[39m=\u001b[32m\"lucide lucide-cpu h-8 w-8 text-primary group-hover:animate-float\"\u001b[39m\n            \u001b[33mfill\u001b[39m=\u001b[32m\"none\"\u001b[39m\n            \u001b[33mheight\u001b[39m=\u001b[32m\"24\"\u001b[39m\n            \u001b[33mstroke\u001b[39m=\u001b[32m\"currentColor\"\u001b[39m\n            \u001b[33mstroke-linecap\u001b[39m=\u001b[32m\"round\"\u001b[39m\n            \u001b[33mstroke-linejoin\u001b[39m=\u001b[32m\"round\"\u001b[39m\n            \u001b[33mstroke-width\u001b[39m=\u001b[32m\"2\"\u001b[39m\n            \u001b[33mviewBox\u001b[39m=\u001b[32m\"0 0 24 24\"\u001b[39m\n            \u001b[33mwidth\u001b[39m=\u001b[32m\"24\"\u001b[39m\n            \u001b[33mxmlns\u001b[39m=\u001b[32m\"http://www.w3.org/2000/svg\"\u001b[39m\n          \u001b[36m>\u001b[39m\n            \u001b[36m<rect\u001b[39m\n              \u001b[33mheight\u001b[39m=\u001b[32m\"16\"\u001b[39m\n              \u001b[33mrx\u001b[39m=\u001b[32m\"2\"\u001b[39m\n              \u001b[33mwidth\u001b[39m=\u001b[32m\"16\"\u001b[39m\n              \u001b[33mx\u001b[39m=\u001b[32m\"4\"\u001b[39m\n              \u001b[33my\u001b[39m=\u001b[32m\"4\"\u001b[39m\n            \u001b[36m/>\u001b[39m\n            \u001b[36m<rect\u001b[39m\n              \u001b[33mheight\u001b[39m=\u001b[32m\"6\"\u001b[39m\n              \u001b[33mrx\u001b[39m=\u001b[32m\"1\"\u001b[39m\n              \u001b[33mwidth\u001b[39m=\u001b[32m\"6\"\u001b[39m\n              \u001b[33mx\u001b[39m=\u001b[32m\"9\"\u001b[39m\n              \u001b[33my\u001b[39m=\u001b[32m\"9\"\u001b[39m\n            \u001b[36m/>\u001b[39m\n            \u001b[36m<path\u001b[39m\n              \u001b[33md\u001b[39m=\u001b[32m\"M15 2v2\"\u001b[39m\n            \u001b[36m/>\u001b[39m\n            \u001b[36m<path\u001b[39m\n              \u001b[33md\u001b[39m=\u001b[32m\"M15 20v2\"\u001b[39m\n            \u001b[36m/>\u001b[39m\n            \u001b[36m<path\u001b[39m\n              \u001b[33md\u001b[39m=\u001b[32m\"M2 15h2\"\u001b[39m\n            \u001b[36m/>\u001b[39m\n            \u001b[36m<path\u001b[39m\n              \u001b[33md\u001b[39m=\u001b[32m\"M2 9h2\"\u001b[39m\n            \u001b[36m/>\u001b[39m\n            \u001b[36m<path\u001b[39m\n              \u001b[33md\u001b[39m=\u001b[32m\"M20 15h2\"\u001b[39m\n            \u001b[36m/>\u001b[39m\n            \u001b[36m<path\u001b[39m\n              \u001b[33md\u001b[39m=\u001b[32m\"M20 9h2\"\u001b[39m\n            \u001b[36m/>\u001b[39m\n            \u001b[36m<path\u001b[39m\n              \u001b[33md\u001b[39m=\u001b[32m\"M9 2v2\"\u001b[39m\n            \u001b[36m/>\u001b[39m\n            \u001b[36m<path\u001b[39m\n              \u001b[33md\u001b[39m=\u001b[32m\"M9 20v2\"\u001b[39m\n            \u001b[36m/>\u001b[39m\n          \u001b[36m</svg>\u001b[39m\n          \u001b[36m<span\u001b[39m\n            \u001b[33mclass\u001b[39m=\u001b[32m\"text-2xl font-display font-bold\"\u001b[39m\n          \u001b[36m>\u001b[39m\n            \u001b[0mHYPER\u001b[0m\n          \u001b[36m</span>\u001b[39m\n        \u001b[36m</a>\u001b[39m\n        \u001b[36m<h2\u001b[39m\n          \u001b[33mclass\u001b[39m=\u001b[32m\"text-3xl font-display font-bold text-center mb-2\"\u001b[39m\n        \u001b[36m>\u001b[39m\n          \u001b[0mVerify Code\u001b[0m\n        \u001b[36m</h2>\u001b[39m\n        \u001b[36m<p\u001b[39m\n          \u001b[33mclass\u001b[39m=\u001b[32m\"text-foreground/60 text-center mb-8\"\u001b[39m\n        \u001b[36m>\u001b[39m\n          \u001b[0mEnter the code sent to test@example.com\u001b[0m\n        \u001b[36m</p>\u001b[39m\n        \u001b[36m<form\u001b[39m\n          \u001b[33mclass\u001b[39m=\u001b[32m\"space-y-6\"\u001b[39m\n        \u001b[36m>\u001b[39m\n          \u001b[36m<div\u001b[39m\n            \u001b[33mclass\u001b[39m=\u001b[32m\"space-y-2 flex flex-col items-center\"\u001b[39m\n          \u001b[36m>\u001b[39m\n            \u001b[36m<label\u001b[39m\n              \u001b[33mclass\u001b[39m=\u001b[32m\"text-sm font-medium leading-none peer-disabled:cursor-not-allowed peer-disabled:opacity-70 sr-only\"\u001b[39m\n              \u001b[33mfor\u001b[39m=\u001b[32m\"token\"\u001b[39m\n            \u001b[36m>\u001b[39m\n              \u001b[0mOne-Time Password\u001b[0m\n            \u001b[36m</label>\u001b[39m\n            \u001b[36m<input\u001b[39m\n              \u001b[33mdata-testid\u001b[39m=\u001b[32m\"otp-input\"\u001b[39m\n              \u001b[33mvalue\u001b[39m=\u001b[32m\"\"\u001b[39m\n            \u001b[36m/>\u001b[39m\n            \u001b[36m<p\u001b[39m\n              \u001b[33mclass\u001b[39m=\u001b[32m\"text-xs text-muted-foreground mt-2\"\u001b[39m\n            \u001b[36m>\u001b[39m\n              \u001b[0mEnter the 6-digit code from your email.\u001b[0m\n            \u001b[36m</p>\u001b[39m\n          \u001b[36m</div>\u001b[39m\n          \u001b[36m<button\u001b[39m\n            \u001b[33mclass\u001b[39m=\u001b[32m\"inline-flex items-center justify-center gap-2 whitespace-nowrap rounded-md text-sm font-medium ring-offset-background transition-colors focus-visible:outline-none focus-visible:ring-2 focus-visible:ring-ring focus-visible:ring-offset-2 disabled:pointer-events-none disabled:opacity-50 [&_svg]:pointer-events-none [&_svg]:size-4 [&_svg]:shrink-0 text-primary-foreground hover:bg-primary/90 h-10 px-4 py-2 w-full bg-gradient-primary shadow-glow\"\u001b[39m\n            \u001b[33mdisabled\u001b[39m=\u001b[32m\"\"\u001b[39m\n            \u001b[33mtype\u001b[39m=\u001b[32m\"submit\"\u001b[39m\n          \u001b[36m>\u001b[39m\n            \u001b[0mVerify Code\u001b[0m\n          \u001b[36m</button>\u001b[39m\n        \u001b[36m</form>\u001b[39m\n        \u001b[36m<div\u001b[39m\n          \u001b[33mclass\u001b[39m=\u001b[32m\"mt-6 text-center\"\u001b[39m\n        \u001b[36m>\u001b[39m\n          \u001b[36m<button\u001b[39m\n            \u001b[33mclass\u001b[39m=\u001b[32m\"inline-flex items-center justify-center gap-2 whitespace-nowrap rounded-md font-medium ring-offset-background transition-colors focus-visible:outline-none focus-visible:ring-2 focus-visible:ring-ring focus-visible:ring-offset-2 disabled:pointer-events-none disabled:opacity-50 [&_svg]:pointer-events-none [&_svg]:size-4 [&_svg]:shrink-0 underline-offset-4 hover:underline h-10 px-4 py-2 text-sm text-muted-foreground hover:text-primary\"\u001b[39m\n          \u001b[36m>\u001b[39m\n            \u001b[36m<svg\u001b[39m\n              \u001b[33mclass\u001b[39m=\u001b[32m\"lucide lucide-arrow-left mr-2 h-4 w-4\"\u001b[39m\n              \u001b[33mfill\u001b[39m=\u001b[32m\"none\"\u001b[39m\n              \u001b[33mheight\u001b[39m=\u001b[32m\"24\"\u001b[39m\n              \u001b[33mstroke\u001b[39m=\u001b[32m\"currentColor\"\u001b[39m\n              \u001b[33mstroke-linecap\u001b[39m=\u001b[32m\"round\"\u001b[39m\n              \u001b[33mstroke-linejoin\u001b[39m=\u001b[32m\"round\"\u001b[39m\n              \u001b[33mstroke-width\u001b[39m=\u001b[32m\"2\"\u001b[39m\n              \u001b[33mviewBox\u001b[39m=\u001b[32m\"0 0 24 24\"\u001b[39m\n              \u001b[33mwidth\u001b[39m=\u001b[32m\"24\"\u001b[39m\n              \u001b[33mxmlns\u001b[39m=\u001b[32m\"http://www.w3.org/2000/svg\"\u001b[39m\n            \u001b[36m>\u001b[39m\n              \u001b[36m<path\u001b[39m\n                \u001b[33md\u001b[39m=\u001b[32m\"m12 19-7-7 7-7\"\u001b[39m\n              \u001b[36m/>\u001b[39m\n              \u001b[36m<path\u001b[39m\n                \u001b[33md\u001b[39m=\u001b[32m\"M19 12H5\"\u001b[39m\n              \u001b[36m/>\u001b[39m\n            \u001b[36m</svg>\u001b[39m\n            \u001b[0mBack\u001b[0m\n          \u001b[36m</button>\u001b[39m\n        \u001b[36m</div>\u001b[39m\n        \u001b[36m<div\u001b[39m\n          \u001b[33mclass\u001b[39m=\u001b[32m\"mt-8 pt-8 border-t border-border text-center text-sm text-foreground/60\"\u001b[39m\n        \u001b[36m>\u001b[39m\n          \u001b[36m<a\u001b[39m\n            \u001b[33mclass\u001b[39m=\u001b[32m\"hover:text-primary transition-colors\"\u001b[39m\n            \u001b[33mhref\u001b[39m=\u001b[32m\"/\"\u001b[39m\n          \u001b[36m>\u001b[39m\n            \u001b[0m← Back to home\u001b[0m\n          \u001b[36m</a>\u001b[39m\n        \u001b[36m</div>\u001b[39m\n      \u001b[36m</div>\u001b[39m\n    \u001b[36m</div>\u001b[39m\n  \u001b[36m</div>\u001b[39m\n\u001b[36m</body>\u001b[39m\n    at Object.getElementError (C:\\Users\\sivab\\OneDrive\\Documents\\HYPER\\remix-of-remix-of-remix-of-nvidia-inspired-design-main\\remix-of-remix-of-remix-of-nvidia-inspired-design-main\\node_modules\\@testing-library\\dom\\dist\\config.js:37:19)\n    at getElementError (C:\\Users\\sivab\\OneDrive\\Documents\\HYPER\\remix-of-remix-of-remix-of-nvidia-inspired-design-main\\remix-of-remix-of-remix-of-nvidia-inspired-design-main\\node_modules\\@testing-library\\dom\\dist\\query-helpers.js:20:35)\n    at getMultipleElementsFoundError (C:\\Users\\sivab\\OneDrive\\Documents\\HYPER\\remix-of-remix-of-remix-of-nvidia-inspired-design-main\\remix-of-remix-of-remix-of-nvidia-inspired-design-main\\node_modules\\@testing-library\\dom\\dist\\query-helpers.js:23:10)\n    at C:\\Users\\sivab\\OneDrive\\Documents\\HYPER\\remix-of-remix-of-remix-of-nvidia-inspired-design-main\\remix-of-remix-of-remix-of-nvidia-inspired-design-main\\node_modules\\@testing-library\\dom\\dist\\query-helpers.js:55:13\n    at getByText (C:\\Users\\sivab\\OneDrive\\Documents\\HYPER\\remix-of-remix-of-remix-of-nvidia-inspired-design-main\\remix-of-remix-of-remix-of-nvidia-inspired-design-main\\node_modules\\@testing-library\\dom\\dist\\query-helpers.js:95:19)\n    at C:/Users/sivab/OneDrive/Documents/HYPER/remix-of-remix-of-remix-of-nvidia-inspired-design-main/remix-of-remix-of-remix-of-nvidia-inspired-design-main/src/test/AuthFlow.test.tsx:119:23\n    at file:///C:/Users/sivab/OneDrive/Documents/HYPER/remix-of-remix-of-remix-of-nvidia-inspired-design-main/remix-of-remix-of-remix-of-nvidia-inspired-design-main/node_modules/@vitest/runner/dist/index.js:145:11\n    at file:///C:/Users/sivab/OneDrive/Documents/HYPER/remix-of-remix-of-remix-of-nvidia-inspired-design-main/remix-of-remix-of-remix-of-nvidia-inspired-design-main/node_modules/@vitest/runner/dist/index.js:915:26\n    at file:///C:/Users/sivab/OneDrive/Documents/HYPER/remix-of-remix-of-remix-of-nvidia-inspired-design-main/remix-of-remix-of-remix-of-nvidia-inspired-design-main/node_modules/@vitest/runner/dist/index.js:1243:20\n    at new Promise (<anonymous>)"],"meta":{}}],"startTime":1769911697444,"endTime":1769911697881.4353,"status":"failed","message":"","name":"C:/Users/sivab/OneDrive/Documents/HYPER/remix-of-remix-of-remix-of-nvidia-inspired-design-main/remix-of-remix-of-remix-of-nvidia-inspired-design-main/src/test/AuthFlow.test.tsx"}]}